<?xml version="1.0" encoding="UTF-8"?>
<!-- Generated by org.testng.reporters.JUnitReportReporter -->
<testsuite hostname="DESKTOP-G1T6KU3" failures="0" tests="3" name="com.test.GoogleTest" time="15.859" errors="0" timestamp="09 Nov 2018 17:46:32 GMT" skipped="0">
  <testcase classname="com.test.GoogleTest" name="gMailLinkTest" time="5.088"/>
  <testcase classname="com.test.GoogleTest" name="googleTitleTest" time="5.075"/>
  <testcase classname="com.test.GoogleTest" name="googleLogoTest" time="5.696"/>
</testsuite> <!-- com.test.GoogleTest -->
