<?xml version="1.0" encoding="UTF-8"?>
<!-- Generated by org.testng.reporters.JUnitReportReporter -->
<testsuite hostname="DESKTOP-G1T6KU3" failures="0" tests="3" name="com.test.TestNGBasics" time="0.018" errors="0" timestamp="09 Nov 2018 16:52:25 GMT" skipped="0">
  <testcase classname="com.test.TestNGBasics" name="logoTest" time="0.001"/>
  <testcase classname="com.test.TestNGBasics" name="searchTest" time="0.006"/>
  <testcase classname="com.test.TestNGBasics" name="googleTitleTest" time="0.011"/>
</testsuite> <!-- com.test.TestNGBasics -->
